<?xml version="1.0" encoding="UTF-8"?>
<testng-results skipped="0" failed="0" total="3" passed="3">
  <reporter-output>
  </reporter-output>
  <suite name="POM Suite" duration-ms="38832" started-at="2018-08-02T03:55:10Z" finished-at="2018-08-02T03:55:48Z">
    <groups>
    </groups>
    <test name="POM Testing" duration-ms="38832" started-at="2018-08-02T03:55:10Z" finished-at="2018-08-02T03:55:48Z">
      <class name="HomePageTest">
        <test-method status="PASS" signature="testHomePage()[pri:0, instance:HomePageTest@14acaea5]" name="testHomePage" duration-ms="14681" started-at="2018-08-01T23:55:10Z" finished-at="2018-08-01T23:55:24Z">
          <reporter-output>
          </reporter-output>
        </test-method> <!-- testHomePage -->
      </class> <!-- HomePageTest -->
      <class name="LoginTest">
        <test-method status="PASS" signature="testLoginPage()[pri:0, instance:LoginTest@457e2f02]" name="testLoginPage" duration-ms="12029" started-at="2018-08-01T23:55:24Z" finished-at="2018-08-01T23:55:36Z">
          <reporter-output>
          </reporter-output>
        </test-method> <!-- testLoginPage -->
      </class> <!-- LoginTest -->
      <class name="MyProfileTest">
        <test-method status="PASS" signature="testMyProfile()[pri:0, instance:MyProfileTest@224edc67]" name="testMyProfile" duration-ms="12098" started-at="2018-08-01T23:55:36Z" finished-at="2018-08-01T23:55:48Z">
          <reporter-output>
          </reporter-output>
        </test-method> <!-- testMyProfile -->
      </class> <!-- MyProfileTest -->
    </test> <!-- POM Testing -->
  </suite> <!-- POM Suite -->
</testng-results>
