<?xml version="1.0" encoding="UTF-8"?>
<!-- Generated by org.testng.reporters.JUnitXMLReporter -->
<testsuite hostname="DESKTOP-GJ9GTVO" name="Test" tests="4" failures="0" timestamp="9 Aug 2018 00:09:12 GMT" time="27.46" errors="0">
  <testcase name="TestWeb" time="2.157" classname="Lsitner_LC.WebTest"/>
  <testcase name="addAddressBook" time="5.673" classname="Lsitner_LC.WebTest"/>
  <testcase name="updateAddressBook" time="4.044" classname="Lsitner_LC.WebTest"/>
  <testcase name="deleteAddressBook" time="7.024" classname="Lsitner_LC.WebTest"/>
</testsuite> <!-- Test -->
